<?xml version="1.0" encoding="UTF-8"?>
<!-- Generated by org.testng.reporters.JUnitXMLReporter -->
<testsuite ignored="0" hostname="Sagar" failures="0" tests="5" name="Test" time="31.574" errors="0" timestamp="2024-02-21T00:59:55 IST">
  <testcase classname="test.SeleniumFrameWork.LoginTests" name="clickOnLogin" time="2.149"/>
  <testcase classname="test.SeleniumFrameWork.LoginTests" name="clickOnLogin3" time="1.583"/>
  <testcase classname="test.SeleniumFrameWork.LoginTests" name="clickOnLogin2" time="1.619"/>
  <testcase classname="test.SeleniumFrameWork.LoginTests" name="clickOnLogin4" time="1.71"/>
  <testcase classname="test.SeleniumFrameWork.LoginTests" name="clickOnLogin5" time="1.682"/>
</testsuite> <!-- Test -->
