<?xml version="1.0" encoding="UTF-8"?>
<testng-results ignored="0" total="5" passed="5" failed="0" skipped="0">
  <reporter-output>
  </reporter-output>
  <suite started-at="2024-02-21T00:59:23 IST" name="Suite" finished-at="2024-02-21T00:59:55 IST" duration-ms="31574">
    <groups>
    </groups>
    <test started-at="2024-02-21T00:59:23 IST" name="Test" finished-at="2024-02-21T00:59:55 IST" duration-ms="31574">
      <class name="test.SeleniumFrameWork.LoginTests">
        <test-method is-config="true" signature="launchApp()[pri:0, instance:test.SeleniumFrameWork.LoginTests@6bd61f98]" started-at="2024-02-21T00:59:23 IST" name="launchApp" finished-at="2024-02-21T00:59:36 IST" duration-ms="12861" status="PASS">
          <reporter-output>
          </reporter-output>
        </test-method> <!-- launchApp -->
        <test-method is-config="true" signature="launchApp()[pri:0, instance:test.SeleniumFrameWork.LoginTests@6bd61f98]" started-at="2024-02-21T00:59:23 IST" name="launchApp" finished-at="2024-02-21T00:59:35 IST" duration-ms="11937" status="PASS">
          <reporter-output>
          </reporter-output>
        </test-method> <!-- launchApp -->
        <test-method is-config="true" signature="launchApp()[pri:0, instance:test.SeleniumFrameWork.LoginTests@6bd61f98]" started-at="2024-02-21T00:59:23 IST" name="launchApp" finished-at="2024-02-21T00:59:36 IST" duration-ms="12971" status="PASS">
          <reporter-output>
          </reporter-output>
        </test-method> <!-- launchApp -->
        <test-method signature="clickOnLogin()[pri:0, instance:test.SeleniumFrameWork.LoginTests@6bd61f98]" started-at="2024-02-21T00:59:35 IST" name="clickOnLogin" finished-at="2024-02-21T00:59:37 IST" duration-ms="2149" status="PASS">
          <reporter-output>
          </reporter-output>
        </test-method> <!-- clickOnLogin -->
        <test-method signature="clickOnLogin3()[pri:0, instance:test.SeleniumFrameWork.LoginTests@6bd61f98]" started-at="2024-02-21T00:59:36 IST" name="clickOnLogin3" finished-at="2024-02-21T00:59:37 IST" duration-ms="1583" status="PASS">
          <reporter-output>
          </reporter-output>
        </test-method> <!-- clickOnLogin3 -->
        <test-method signature="clickOnLogin2()[pri:0, instance:test.SeleniumFrameWork.LoginTests@6bd61f98]" started-at="2024-02-21T00:59:36 IST" name="clickOnLogin2" finished-at="2024-02-21T00:59:38 IST" duration-ms="1619" status="PASS">
          <reporter-output>
          </reporter-output>
        </test-method> <!-- clickOnLogin2 -->
        <test-method is-config="true" signature="tearDown()[pri:0, instance:test.SeleniumFrameWork.LoginTests@6bd61f98]" started-at="2024-02-21T00:59:37 IST" name="tearDown" finished-at="2024-02-21T00:59:37 IST" duration-ms="208" status="PASS">
          <reporter-output>
          </reporter-output>
        </test-method> <!-- tearDown -->
        <test-method is-config="true" signature="launchApp()[pri:0, instance:test.SeleniumFrameWork.LoginTests@6bd61f98]" started-at="2024-02-21T00:59:37 IST" name="launchApp" finished-at="2024-02-21T00:59:53 IST" duration-ms="15192" status="PASS">
          <reporter-output>
          </reporter-output>
        </test-method> <!-- launchApp -->
        <test-method is-config="true" signature="tearDown()[pri:0, instance:test.SeleniumFrameWork.LoginTests@6bd61f98]" started-at="2024-02-21T00:59:37 IST" name="tearDown" finished-at="2024-02-21T00:59:38 IST" duration-ms="220" status="PASS">
          <reporter-output>
          </reporter-output>
        </test-method> <!-- tearDown -->
        <test-method is-config="true" signature="tearDown()[pri:0, instance:test.SeleniumFrameWork.LoginTests@6bd61f98]" started-at="2024-02-21T00:59:38 IST" name="tearDown" finished-at="2024-02-21T00:59:38 IST" duration-ms="173" status="PASS">
          <reporter-output>
          </reporter-output>
        </test-method> <!-- tearDown -->
        <test-method is-config="true" signature="launchApp()[pri:0, instance:test.SeleniumFrameWork.LoginTests@6bd61f98]" started-at="2024-02-21T00:59:38 IST" name="launchApp" finished-at="2024-02-21T00:59:53 IST" duration-ms="14961" status="PASS">
          <reporter-output>
          </reporter-output>
        </test-method> <!-- launchApp -->
        <test-method signature="clickOnLogin4()[pri:0, instance:test.SeleniumFrameWork.LoginTests@6bd61f98]" started-at="2024-02-21T00:59:53 IST" name="clickOnLogin4" finished-at="2024-02-21T00:59:54 IST" duration-ms="1710" status="PASS">
          <reporter-output>
          </reporter-output>
        </test-method> <!-- clickOnLogin4 -->
        <test-method signature="clickOnLogin5()[pri:0, instance:test.SeleniumFrameWork.LoginTests@6bd61f98]" started-at="2024-02-21T00:59:53 IST" name="clickOnLogin5" finished-at="2024-02-21T00:59:54 IST" duration-ms="1682" status="PASS">
          <reporter-output>
          </reporter-output>
        </test-method> <!-- clickOnLogin5 -->
        <test-method is-config="true" signature="tearDown()[pri:0, instance:test.SeleniumFrameWork.LoginTests@6bd61f98]" started-at="2024-02-21T00:59:54 IST" name="tearDown" finished-at="2024-02-21T00:59:54 IST" duration-ms="189" status="PASS">
          <reporter-output>
          </reporter-output>
        </test-method> <!-- tearDown -->
        <test-method is-config="true" signature="tearDown()[pri:0, instance:test.SeleniumFrameWork.LoginTests@6bd61f98]" started-at="2024-02-21T00:59:54 IST" name="tearDown" finished-at="2024-02-21T00:59:55 IST" duration-ms="180" status="PASS">
          <reporter-output>
          </reporter-output>
        </test-method> <!-- tearDown -->
      </class> <!-- test.SeleniumFrameWork.LoginTests -->
    </test> <!-- Test -->
  </suite> <!-- Suite -->
</testng-results>
